This is pdfTeX, Version 3.1415926-1.40.10 (TeX Live 2009/Debian) (format=pdflatex 2012.2.16)  20 AUG 2012 12:15
entering extended mode
 %&-line parsing enabled.
**./Technical_Report.tex
(./Technical_Report.tex
LaTeX2e <2009/09/24>
Babel <v3.8l> and hyphenation patterns for english, usenglishmax, dumylang, noh
yphenation, loaded.
(/usr/share/texmf-texlive/tex/latex/base/article.cls
Document Class: article 2007/10/19 v1.4h Standard LaTeX document class
(/usr/share/texmf-texlive/tex/latex/base/size11.clo
File: size11.clo 2007/10/19 v1.4h Standard LaTeX file (size option)
)
\c@part=\count79
\c@section=\count80
\c@subsection=\count81
\c@subsubsection=\count82
\c@paragraph=\count83
\c@subparagraph=\count84
\c@figure=\count85
\c@table=\count86
\abovecaptionskip=\skip41
\belowcaptionskip=\skip42
\bibindent=\dimen102
)
(/usr/share/texmf/tex/latex/xcolor/xcolor.sty
Package: xcolor 2007/01/21 v2.11 LaTeX color extensions (UK)

(/etc/texmf/tex/latex/config/color.cfg
File: color.cfg 2007/01/18 v1.5 color configuration of teTeX/TeXLive
)
Package xcolor Info: Driver file: pdftex.def on input line 225.

(/usr/share/texmf-texlive/tex/latex/pdftex-def/pdftex.def
File: pdftex.def 2009/08/25 v0.04m Graphics/color for pdfTeX
\Gread@gobject=\count87
)
Package xcolor Info: Model `cmy' substituted by `cmy0' on input line 1337.
Package xcolor Info: Model `hsb' substituted by `rgb' on input line 1341.
Package xcolor Info: Model `RGB' extended on input line 1353.
Package xcolor Info: Model `HTML' substituted by `rgb' on input line 1355.
Package xcolor Info: Model `Hsb' substituted by `hsb' on input line 1356.
Package xcolor Info: Model `tHsb' substituted by `hsb' on input line 1357.
Package xcolor Info: Model `HSB' substituted by `hsb' on input line 1358.
Package xcolor Info: Model `Gray' substituted by `gray' on input line 1359.
Package xcolor Info: Model `wave' substituted by `hsb' on input line 1360.
)
(/usr/share/texmf-texlive/tex/latex/base/alltt.sty
Package: alltt 1997/06/16 v2.0g defines alltt environment
)
(/usr/share/texmf-texlive/tex/latex/ltxmisc/url.sty
\Urlmuskip=\muskip10
Package: url 2006/04/12  ver 3.3  Verb mode for urls, etc.
)
(/usr/share/texmf/tex/latex/pgf/frontendlayer/tikz.sty
(/usr/share/texmf/tex/latex/pgf/basiclayer/pgf.sty
(/usr/share/texmf/tex/latex/pgf/utilities/pgfrcs.sty
(/usr/share/texmf/tex/generic/pgf/utilities/pgfutil-common.tex
\pgfutil@everybye=\toks14
)
(/usr/share/texmf/tex/generic/pgf/utilities/pgfutil-latex.def)
(/usr/share/texmf/tex/generic/pgf/utilities/pgfrcs.code.tex
Package: pgfrcs 2008/02/20 v2.00 (rcs-revision 1.21)
))
Package: pgf 2008/01/15 v2.00 (rcs-revision 1.12)

(/usr/share/texmf/tex/latex/pgf/basiclayer/pgfcore.sty
(/usr/share/texmf-texlive/tex/latex/graphics/graphicx.sty
Package: graphicx 1999/02/16 v1.0f Enhanced LaTeX Graphics (DPC,SPQR)

(/usr/share/texmf-texlive/tex/latex/graphics/keyval.sty
Package: keyval 1999/03/16 v1.13 key=value parser (DPC)
\KV@toks@=\toks15
)
(/usr/share/texmf-texlive/tex/latex/graphics/graphics.sty
Package: graphics 2009/02/05 v1.0o Standard LaTeX Graphics (DPC,SPQR)

(/usr/share/texmf-texlive/tex/latex/graphics/trig.sty
Package: trig 1999/03/16 v1.09 sin cos tan (DPC)
)
(/etc/texmf/tex/latex/config/graphics.cfg
File: graphics.cfg 2009/08/28 v1.8 graphics configuration of TeX Live
)
Package graphics Info: Driver file: pdftex.def on input line 91.
)
\Gin@req@height=\dimen103
\Gin@req@width=\dimen104
)
(/usr/share/texmf/tex/latex/pgf/systemlayer/pgfsys.sty
(/usr/share/texmf/tex/generic/pgf/systemlayer/pgfsys.code.tex
Package: pgfsys 2008/02/07 v2.00 (rcs-revision 1.31)

(/usr/share/texmf/tex/generic/pgf/utilities/pgfkeys.code.tex
\pgfkeys@pathtoks=\toks16
\pgfkeys@temptoks=\toks17
)
\pgf@x=\dimen105
\pgf@y=\dimen106
\pgf@xa=\dimen107
\pgf@ya=\dimen108
\pgf@xb=\dimen109
\pgf@yb=\dimen110
\pgf@xc=\dimen111
\pgf@yc=\dimen112
\c@pgf@counta=\count88
\c@pgf@countb=\count89
\c@pgf@countc=\count90
\c@pgf@countd=\count91

(/usr/share/texmf/tex/generic/pgf/systemlayer/pgf.cfg
File: pgf.cfg 2008/01/13  (rcs-revision 1.6)
)
Package pgfsys Info: Driver file for pgf: pgfsys-pdftex.def on input line 885.

(/usr/share/texmf/tex/generic/pgf/systemlayer/pgfsys-pdftex.def
File: pgfsys-pdftex.def 2007/12/20  (rcs-revision 1.20)

(/usr/share/texmf/tex/generic/pgf/systemlayer/pgfsys-common-pdf.def
File: pgfsys-common-pdf.def 2007/12/17  (rcs-revision 1.8)
)))
(/usr/share/texmf/tex/generic/pgf/systemlayer/pgfsyssoftpath.code.tex
File: pgfsyssoftpath.code.tex 2008/01/23  (rcs-revision 1.6)
\pgfsyssoftpath@smallbuffer@items=\count92
\pgfsyssoftpath@bigbuffer@items=\count93
)
(/usr/share/texmf/tex/generic/pgf/systemlayer/pgfsysprotocol.code.tex
File: pgfsysprotocol.code.tex 2006/10/16  (rcs-revision 1.4)
))
(/usr/share/texmf/tex/generic/pgf/basiclayer/pgfcore.code.tex
Package: pgfcore 2008/01/15 v2.00 (rcs-revision 1.6)

(/usr/share/texmf/tex/generic/pgf/math/pgfmath.code.tex
(/usr/share/texmf/tex/generic/pgf/math/pgfmathcalc.code.tex
(/usr/share/texmf/tex/generic/pgf/math/pgfmathutil.code.tex
\pgfmath@box=\box26
)
(/usr/share/texmf/tex/generic/pgf/math/pgfmathparser.code.tex
\pgfmath@stack=\toks18
\c@pgfmath@parsecounta=\count94
\c@pgfmath@parsecountb=\count95
\c@pgfmath@parsecountc=\count96
\pgfmath@parsex=\dimen113
)
(/usr/share/texmf/tex/generic/pgf/math/pgfmathoperations.code.tex
(/usr/share/texmf/tex/generic/pgf/math/pgfmathtrig.code.tex)
(/usr/share/texmf/tex/generic/pgf/math/pgfmathrnd.code.tex))
(/usr/share/texmf/tex/generic/pgf/math/pgfmathbase.code.tex)))
(/usr/share/texmf/tex/generic/pgf/basiclayer/pgfcorepoints.code.tex
File: pgfcorepoints.code.tex 2008/02/03  (rcs-revision 1.13)
\pgf@picminx=\dimen114
\pgf@picmaxx=\dimen115
\pgf@picminy=\dimen116
\pgf@picmaxy=\dimen117
\pgf@pathminx=\dimen118
\pgf@pathmaxx=\dimen119
\pgf@pathminy=\dimen120
\pgf@pathmaxy=\dimen121
\pgf@xx=\dimen122
\pgf@xy=\dimen123
\pgf@yx=\dimen124
\pgf@yy=\dimen125
\pgf@zx=\dimen126
\pgf@zy=\dimen127
)
(/usr/share/texmf/tex/generic/pgf/basiclayer/pgfcorepathconstruct.code.tex
File: pgfcorepathconstruct.code.tex 2008/02/13  (rcs-revision 1.14)
\pgf@path@lastx=\dimen128
\pgf@path@lasty=\dimen129
)
(/usr/share/texmf/tex/generic/pgf/basiclayer/pgfcorepathusage.code.tex
File: pgfcorepathusage.code.tex 2008/01/23  (rcs-revision 1.11)
\pgf@shorten@end@additional=\dimen130
\pgf@shorten@start@additional=\dimen131
)
(/usr/share/texmf/tex/generic/pgf/basiclayer/pgfcorescopes.code.tex
File: pgfcorescopes.code.tex 2008/01/15  (rcs-revision 1.26)
\pgfpic=\box27
\pgf@hbox=\box28
\pgf@layerbox@main=\box29
\pgf@picture@serial@count=\count97
)
(/usr/share/texmf/tex/generic/pgf/basiclayer/pgfcoregraphicstate.code.tex
File: pgfcoregraphicstate.code.tex 2007/12/12  (rcs-revision 1.8)
\pgflinewidth=\dimen132
)
(/usr/share/texmf/tex/generic/pgf/basiclayer/pgfcoretransformations.code.tex
File: pgfcoretransformations.code.tex 2008/02/04  (rcs-revision 1.10)
\pgf@pt@x=\dimen133
\pgf@pt@y=\dimen134
\pgf@pt@temp=\dimen135
)
(/usr/share/texmf/tex/generic/pgf/basiclayer/pgfcorequick.code.tex
File: pgfcorequick.code.tex 2006/10/11  (rcs-revision 1.2)
)
(/usr/share/texmf/tex/generic/pgf/basiclayer/pgfcoreobjects.code.tex
File: pgfcoreobjects.code.tex 2006/10/11  (rcs-revision 1.2)
)
(/usr/share/texmf/tex/generic/pgf/basiclayer/pgfcorepathprocessing.code.tex
File: pgfcorepathprocessing.code.tex 2008/01/23  (rcs-revision 1.7)
)
(/usr/share/texmf/tex/generic/pgf/basiclayer/pgfcorearrows.code.tex
File: pgfcorearrows.code.tex 2007/06/07  (rcs-revision 1.8)
)
(/usr/share/texmf/tex/generic/pgf/basiclayer/pgfcoreshade.code.tex
File: pgfcoreshade.code.tex 2007/12/10  (rcs-revision 1.9)
\pgf@max=\dimen136
\pgf@sys@shading@range@num=\count98
)
(/usr/share/texmf/tex/generic/pgf/basiclayer/pgfcoreimage.code.tex
File: pgfcoreimage.code.tex 2008/01/15  (rcs-revision 1.1)
\pgfexternal@startupbox=\box30
)
(/usr/share/texmf/tex/generic/pgf/basiclayer/pgfcorelayers.code.tex
File: pgfcorelayers.code.tex 2008/01/15  (rcs-revision 1.1)
)
(/usr/share/texmf/tex/generic/pgf/basiclayer/pgfcoretransparency.code.tex
File: pgfcoretransparency.code.tex 2008/01/17  (rcs-revision 1.2)
)
(/usr/share/texmf/tex/generic/pgf/basiclayer/pgfcorepatterns.code.tex
File: pgfcorepatterns.code.tex 2008/01/15  (rcs-revision 1.1)
)))
(/usr/share/texmf/tex/generic/pgf/modules/pgfmoduleshapes.code.tex
File: pgfmoduleshapes.code.tex 2008/02/13  (rcs-revision 1.4)
\pgfnodeparttextbox=\box31
\toks@savedmacro=\toks19
)
(/usr/share/texmf/tex/generic/pgf/modules/pgfmoduleplot.code.tex
File: pgfmoduleplot.code.tex 2008/01/15  (rcs-revision 1.1)
\pgf@plotwrite=\write3
)
(/usr/share/texmf/tex/latex/pgf/compatibility/pgfcomp-version-0-65.sty
Package: pgfcomp-version-0-65 2007/07/03 v2.00 (rcs-revision 1.7)
\pgf@nodesepstart=\dimen137
\pgf@nodesepend=\dimen138
)
(/usr/share/texmf/tex/latex/pgf/compatibility/pgfcomp-version-1-18.sty
Package: pgfcomp-version-1-18 2007/07/23 v2.00 (rcs-revision 1.1)
))
(/usr/share/texmf/tex/latex/pgf/utilities/pgffor.sty
(/usr/share/texmf/tex/generic/pgf/utilities/pgffor.code.tex
Package: pgffor 2007/11/07 v2.00 (rcs-revision 1.8)
\pgffor@iter=\dimen139
\pgffor@skip=\dimen140
))
(/usr/share/texmf/tex/generic/pgf/frontendlayer/tikz/tikz.code.tex
Package: tikz 2008/02/13 v2.00 (rcs-revision 1.27)

(/usr/share/texmf/tex/generic/pgf/libraries/pgflibraryplothandlers.code.tex
File: pgflibraryplothandlers.code.tex 2007/03/09 v2.00 (rcs-revision 1.9)
\pgf@plot@mark@count=\count99
\pgfplotmarksize=\dimen141
)
\tikz@lastx=\dimen142
\tikz@lasty=\dimen143
\tikz@lastxsaved=\dimen144
\tikz@lastysaved=\dimen145
\tikzleveldistance=\dimen146
\tikzsiblingdistance=\dimen147
\tikz@figbox=\box32
\tikz@tempbox=\box33
\tikztreelevel=\count100
\tikznumberofchildren=\count101
\tikznumberofcurrentchild=\count102
\tikz@fig@count=\count103

(/usr/share/texmf/tex/generic/pgf/modules/pgfmodulematrix.code.tex
File: pgfmodulematrix.code.tex 2008/01/15  (rcs-revision 1.1)
\pgfmatrixcurrentrow=\count104
\pgfmatrixcurrentcolumn=\count105
\pgf@matrix@numberofcolumns=\count106
)
\tikz@expandcount=\count107

(/usr/share/texmf/tex/generic/pgf/frontendlayer/tikz/libraries/tikzlibrarytopat
hs.code.tex
File: tikzlibrarytopaths.code.tex 2008/01/09 v2.00 (rcs-revision 1.1)
))) (/usr/share/texmf-texlive/tex/latex/ltxmisc/ulem.sty
\UL@box=\box34
\UL@hyphenbox=\box35
\UL@skip=\skip43
\UL@hook=\toks20
\UL@pe=\count108
\UL@pixel=\dimen148
\ULC@box=\box36
Package: ulem 2000/05/26
\ULdepth=\dimen149
)
(/usr/share/texmf-texlive/tex/latex/setspace/setspace.sty
Package: setspace 2000/12/01 6.7 Contributed and Supported LaTeX2e package

Package: `setspace' 6.7 <2000/12/01>
)
(/usr/share/texmf/tex/generic/pgf/frontendlayer/tikz/libraries/tikzlibrarytrees
.code.tex
File: tikzlibrarytrees.code.tex 2008/01/09 v2.00 (rcs-revision 1.1)
) (./Technical_Report.aux)
\openout1 = `Technical_Report.aux'.

LaTeX Font Info:    Checking defaults for OML/cmm/m/it on input line 57.
LaTeX Font Info:    ... okay on input line 57.
LaTeX Font Info:    Checking defaults for T1/cmr/m/n on input line 57.
LaTeX Font Info:    ... okay on input line 57.
LaTeX Font Info:    Checking defaults for OT1/cmr/m/n on input line 57.
LaTeX Font Info:    ... okay on input line 57.
LaTeX Font Info:    Checking defaults for OMS/cmsy/m/n on input line 57.
LaTeX Font Info:    ... okay on input line 57.
LaTeX Font Info:    Checking defaults for OMX/cmex/m/n on input line 57.
LaTeX Font Info:    ... okay on input line 57.
LaTeX Font Info:    Checking defaults for U/cmr/m/n on input line 57.
LaTeX Font Info:    ... okay on input line 57.

(/usr/share/texmf-texlive/tex/context/base/supp-pdf.mkii
[Loading MPS to PDF converter (version 2006.09.02).]
\scratchcounter=\count109
\scratchdimen=\dimen150
\scratchbox=\box37
\nofMPsegments=\count110
\nofMParguments=\count111
\everyMPshowfont=\toks21
\MPscratchCnt=\count112
\MPscratchDim=\dimen151
\MPnumerator=\count113
\everyMPtoPDFconversion=\toks22
)
LaTeX Font Info:    External font `cmex10' loaded for size
(Font)              <12> on input line 59.
LaTeX Font Info:    External font `cmex10' loaded for size
(Font)              <8> on input line 59.
LaTeX Font Info:    External font `cmex10' loaded for size
(Font)              <6> on input line 59.


LaTeX Warning: No \author given.

[1

{/var/lib/texmf/fonts/map/pdftex/updmap/pdftex.map}] (./Technical_Report.toc
LaTeX Font Info:    External font `cmex10' loaded for size
(Font)              <10.95> on input line 2.

[1] [2])
\tf@toc=\write4
\openout4 = `Technical_Report.toc'.


Overfull \hbox (43.05746pt too wide) in paragraph at lines 76--76
[][] 
 []

[3]
LaTeX Font Info:    Try loading font information for OMS+cmr on input line 82.
 (/usr/share/texmf-texlive/tex/latex/base/omscmr.fd
File: omscmr.fd 1999/05/25 v2.5h Standard LaTeX font definitions
)
LaTeX Font Info:    Font shape `OMS/cmr/m/n' in size <10.95> not available
(Font)              Font shape `OMS/cmsy/m/n' tried instead on input line 82.

Overfull \hbox (43.05746pt too wide) in paragraph at lines 88--88
[][] 
 []


Overfull \hbox (43.05746pt too wide) in paragraph at lines 88--88
[][] 
 []

[4]
Overfull \hbox (43.05746pt too wide) in paragraph at lines 99--99
[][] 
 []

Missing character: There is no â in font cmr10!
Missing character: There is no € in font cmr10!
Missing character: There is no ™ in font cmr10!
[5] [6]
Missing character: There is no â in font cmr10!
Missing character: There is no € in font cmr10!
Missing character: There is no ™ in font cmr10!
Missing character: There is no â in font cmr10!
Missing character: There is no € in font cmr10!
Missing character: There is no ™ in font cmr10!

! Misplaced alignment tab character &.
l.123 \item Cardholder Alerts &
                                Controls: Allows consumers to establish pers...

? 
[7]
Missing character: There is no â in font cmr10!
Missing character: There is no € in font cmr10!
Missing character: There is no ™ in font cmr10!
 [8]
Missing character: There is no â in font cmr10!
Missing character: There is no € in font cmr10!
Missing character: There is no ™ in font cmr10!
Missing character: There is no â in font cmr10!
Missing character: There is no € in font cmr10!
Missing character: There is no ™ in font cmr10!
Missing character: There is no â in font cmr10!
Missing character: There is no € in font cmr10!
Missing character: There is no ™ in font cmr10!

Overfull \hbox (43.05746pt too wide) in paragraph at lines 140--140
[][] 
 []


LaTeX Warning: Citation `I had a source here but it seems it was lost' on page 
9 undefined on input line 140.

[9]
Overfull \hbox (11.59068pt too wide) in paragraph at lines 144--145
\OT1/cmr/m/n/10.95 An In-Con-trol re-lease goes through sev-eral phases be-fore
 it is shipped. Through-
 []

[10]
Overfull \hbox (43.05746pt too wide) in paragraph at lines 158--158
[][] 
 []

<terra_admin.png, id=46, 714.67pt x 871.255pt>
File: terra_admin.png Graphic file (type png)
 <use terra_admin.png>
Overfull \hbox (17.0pt too wide) in paragraph at lines 167--167
[][] 
 []

[11]

! LaTeX Error: \caption outside float.

See the LaTeX manual or LaTeX Companion for explanation.
Type  H <return>  for immediate help.
 ...                                              
                                                  
l.167 ...n.png}{The administration page for SMART}
                                                  
? 
[12 <./terra_admin.png (PNG copy)>]
Missing character: There is no â in font cmr10!
Missing character: There is no € in font cmr10!
Missing character: There is no ™ in font cmr10!
 [13]
Overfull \hbox (43.05746pt too wide) in paragraph at lines 191--191
[][] 
 []


Overfull \hbox (43.05746pt too wide) in paragraph at lines 192--192
[][] 
 []

[14]
Overfull \hbox (43.05746pt too wide) in paragraph at lines 201--201
[][] 
 []


Overfull \hbox (43.05746pt too wide) in paragraph at lines 201--201
[][] 
 []


LaTeX Warning: Marginpar on page 15 moved.

[15]
Overfull \hbox (43.05746pt too wide) in paragraph at lines 206--206
[][] 
 []


LaTeX Warning: Citation `Citation needed' on page 16 undefined on input line 21
4.

[16]
Overfull \hbox (43.05746pt too wide) in paragraph at lines 234--234
[][] 
 []


Overfull \hbox (43.05746pt too wide) in paragraph at lines 237--237
[][] 
 []


LaTeX Warning: Citation `GET THAT DOC. Also' on page 17 undefined on input line
 240.


LaTeX Warning: Citation `I presume this format is now the mastercard format' on
 page 17 undefined on input line 240.


LaTeX Warning: Citation `is it translated into Orbiscom format or what?' on pag
e 17 undefined on input line 240.

[17]
Overfull \hbox (43.05746pt too wide) in paragraph at lines 248--248
[][] 
 []


Overfull \hbox (41.03976pt too wide) in paragraph at lines 255--255
 []        \OT1/cmtt/m/n/10.95 Class="com.orbiscom.apollo.net.TCPServerConnecto
rFactory"[] 
 []


Overfull \hbox (43.05746pt too wide) in paragraph at lines 257--257
[][] 
 []

[18]
Overfull \hbox (0.79895pt too wide) in paragraph at lines 305--305
 []\OT1/cmtt/m/n/10.95 Class="com.orbiscom.apollo.net.HTTPProtocolHandlerFactor
y"[] 
 []


Overfull \hbox (6.54764pt too wide) in paragraph at lines 305--305
 []\OT1/cmtt/m/n/10.95 <Variable Name="DataExtract.Source" Value="RetailXMLAPI"
 />[] 
 []


Overfull \hbox (46.78845pt too wide) in paragraph at lines 305--305
 []\OT1/cmtt/m/n/10.95 <VersionedHandlerSet Version="12.4" xlink:href = "metaha
ndlers" />[] 
 []


Overfull \hbox (52.53714pt too wide) in paragraph at lines 305--305
 []\OT1/cmtt/m/n/10.95 <VersionedHandlerSet Version="12.4" xlink:href = "pulseh
andlers" />[] 
 []


Overfull \hbox (75.53189pt too wide) in paragraph at lines 305--305
 []\OT1/cmtt/m/n/10.95 <VersionedHandlerSet Version="12.3" xlink:href = "pulse1
2q3handlers" />[] 
 []

[19]
Overfull \hbox (46.78845pt too wide) in paragraph at lines 305--305
 []\OT1/cmtt/m/n/10.95 <VersionedHandlerSet Version="12.4" xlink:href = "flexha
ndlers" />[] 
 []


Overfull \hbox (64.03452pt too wide) in paragraph at lines 305--305
 []    \OT1/cmtt/m/n/10.95 <VersionedHandlerSet Version="12.4" xlink:href = "ip
chandlers" />[] 
 []


Overfull \hbox (46.78845pt too wide) in paragraph at lines 305--305
 []\OT1/cmtt/m/n/10.95 <VersionedHandlerSet Version="12.4" xlink:href = "evcnha
ndlers" />[] 
 []


Overfull \hbox (133.01877pt too wide) in paragraph at lines 305--305
 []                \OT1/cmtt/m/n/10.95 <VersionedHandlerSet Version="12.4" xlin
k:href = "sbchandlers" />[] 
 []


Overfull \hbox (0.79895pt too wide) in paragraph at lines 305--305
 []            \OT1/cmtt/m/n/10.95 Class="com.orbiscom.atlas.util.SchemaServlet
">[] 
 []


Overfull \hbox (43.05746pt too wide) in paragraph at lines 309--309
[][] 
 []


Overfull \hbox (35.29108pt too wide) in paragraph at lines 341--341
 []            \OT1/cmtt/m/n/10.95 Class="com.orbiscom.pulse.oil.GetVCNListXMLH
andler">[] 
 []

[20]
Overfull \hbox (52.53714pt too wide) in paragraph at lines 341--341
 []                \OT1/cmtt/m/n/10.95 <Attribute Name="Pan" Constraint="PanCon
straint" />[] 
 []


Overfull \hbox (179.00827pt too wide) in paragraph at lines 341--341
 []                \OT1/cmtt/m/n/10.95 <OilProcessor Class="com.orbiscom.pulse.
oil.mapper.PanMapperProcessor" />[] 
 []


Overfull \hbox (230.74646pt too wide) in paragraph at lines 341--341
 []                \OT1/cmtt/m/n/10.95 <OilProcessor Class="com.orbiscom.pulse.
oil.obo.CheckThirdPartyAccessProcessor" />[] 
 []


Overfull \hbox (133.01877pt too wide) in paragraph at lines 341--341
 []                \OT1/cmtt/m/n/10.95 <OilProcessor Class="com.orbiscom.pulse.
oil.GetVCNListHandler" />[] 
 []


Overfull \hbox (52.53714pt too wide) in paragraph at lines 341--341
 []            \OT1/cmtt/m/n/10.95 Class="com.orbiscom.atlas.mastercard.audit.A
uditLogger"[] 
 []


Overfull \hbox (179.00827pt too wide) in paragraph at lines 341--341
 []            \OT1/cmtt/m/n/10.95 EventType="com.mastercard.common.jal.events.
EventType.ACCESS_CARDHOLDER_DATA"[] 
 []


Overfull \hbox (52.53714pt too wide) in paragraph at lines 341--341
 []            \OT1/cmtt/m/n/10.95 Class="com.orbiscom.atlas.mastercard.audit.A
uditLogger"[] 
 []


Overfull \hbox (179.00827pt too wide) in paragraph at lines 341--341
 []            \OT1/cmtt/m/n/10.95 EventType="com.mastercard.common.jal.events.
EventType.ACCESS_CARDHOLDER_DATA"[] 
 []


Overfull \hbox (18.04501pt too wide) in paragraph at lines 341--341
 []            \OT1/cmtt/m/n/10.95 AuditMessage="A request to Get VCN List fail
ed" >[] 
 []


Overfull \hbox (43.05746pt too wide) in paragraph at lines 342--342
[][] 
 []

[21]
Overfull \hbox (43.05746pt too wide) in paragraph at lines 345--345
[][] 
 []


Overfull \hbox (43.05746pt too wide) in paragraph at lines 345--345
[][] 
 []


Overfull \hbox (43.05746pt too wide) in paragraph at lines 350--350
[][] 
 []

[22]
Overfull \hbox (43.05746pt too wide) in paragraph at lines 354--354
[][] 
 []

[23]
Overfull \hbox (110.02402pt too wide) in paragraph at lines 373--373
 []\OT1/cmtt/m/n/10.95 <appender name = "Debug" class = "org.apache.log4j.Daily
RollingFileAppender">[] 
 []


Overfull \hbox (236.49515pt too wide) in paragraph at lines 373--373
 []        \OT1/cmtt/m/n/10.95 <param name = "ConversionPattern" value = "%d{dd
,MM HH:mm:ss:SSS} [%t] %-5p %c{2} - %m\n"/>[] 
 []


Overfull \hbox (43.05746pt too wide) in paragraph at lines 376--376
[][] 
 []

Missing character: There is no â in font cmr10!
Missing character: There is no € in font cmr10!
Missing character: There is no ™ in font cmr10!
[24]
Missing character: There is no â in font cmr10!
Missing character: There is no € in font cmr10!
Missing character: There is no ™ in font cmr10!
 [25]
Overfull \hbox (43.05746pt too wide) in paragraph at lines 397--397
[][] 
 []

[26]
Overfull \hbox (439.0676pt too wide) in paragraph at lines 435--435
[]    \OT1/cmtt/m/n/10.95 <Range CardType="83" CpnType="DF" EndRange="123456999
9999999" LanguageId="1" Prefix="123456" StartRange="1234560000000000" Status="A
"/>[] 
 []


LaTeX Warning: Citation `Orbiscom Payments Platform Technical Architecture' on 
page 27 undefined on input line 449.


LaTeX Warning: Citation `http://wiki.orbiscom.com/index.phpPlatform_Documentati
on' on page 27 undefined on input line 450.


LaTeX Warning: Citation `Cite more things so it doesn't looked as much like pas
ta' on page 27 undefined on input line 451.


LaTeX Warning: Citation `and spread them thought the text' on page 27 undefined
 on input line 451.


LaTeX Warning: Citation `Also cite source code all over the place' on page 27 u
ndefined on input line 452.


LaTeX Warning: Citation `Stored procedure for dummys' on page 27 undefined on i
nput line 453.

[27]
Overfull \hbox (43.05746pt too wide) in paragraph at lines 460--460
[][] 
 []


Overfull \hbox (43.05746pt too wide) in paragraph at lines 460--460
[][] 
 []


Overfull \hbox (43.05746pt too wide) in paragraph at lines 462--462
[][] 
 []


Overfull \hbox (43.05746pt too wide) in paragraph at lines 472--472
[][] 
 []

[28]
Overfull \hbox (43.05746pt too wide) in paragraph at lines 475--475
[][] 
 []


Overfull \hbox (43.05746pt too wide) in paragraph at lines 477--477
[][] 
 []


LaTeX Warning: Marginpar on page 29 moved.


Overfull \hbox (43.05746pt too wide) in paragraph at lines 483--483
[][] 
 []

[29] [30]
Overfull \hbox (43.05746pt too wide) in paragraph at lines 493--493
[][] 
 []


Overfull \hbox (43.05746pt too wide) in paragraph at lines 499--499
[][] 
 []

[31]
Overfull \hbox (43.05746pt too wide) in paragraph at lines 508--508
[][] 
 []


LaTeX Warning: Citation `Something on MVC' on page 32 undefined on input line 5
09.

[32]

LaTeX Warning: Marginpar on page 33 moved.

Missing character: There is no â in font cmr10!
Missing character: There is no € in font cmr10!
Missing character: There is no ™ in font cmr10!

Overfull \hbox (43.05746pt too wide) in paragraph at lines 511--511
[][] 
 []


LaTeX Warning: Marginpar on page 33 moved.

[33] [34]
Overfull \hbox (43.05746pt too wide) in paragraph at lines 541--541
[][] 
 []


Overfull \hbox (43.05746pt too wide) in paragraph at lines 549--549
[][] 
 []

[35]
Overfull \hbox (42.40814pt too wide) in paragraph at lines 554--554
[]\OT1/cmtt/m/n/10.95 Request request = (Request) Class.forName(requestClass).n
ewInstance();[] 
 []


Overfull \hbox (43.05746pt too wide) in paragraph at lines 555--555
[][] 
 []


Overfull \hbox (43.05746pt too wide) in paragraph at lines 559--559
[][] 
 []


Overfull \hbox (43.05746pt too wide) in paragraph at lines 559--559
[][] 
 []


LaTeX Warning: Marginpar on page 36 moved.

[36] <smart_get_requests.png, id=131, 652.4375pt x 1028.84375pt>
File: smart_get_requests.png Graphic file (type png)

<use smart_get_requests.png>
Overfull \hbox (17.0pt too wide) in paragraph at lines 573--573
[][] 
 []

[37]

! LaTeX Error: \caption outside float.

See the LaTeX manual or LaTeX Companion for explanation.
Type  H <return>  for immediate help.
 ...                                              
                                                  
l.573 ...uest response data and related requests.}
                                                  
? 
[38 <./smart_get_requests.png (PNG copy)>]
<filters.png, id=138, 452.69125pt x 181.67876pt>
File: filters.png Graphic file (type png)
 <use filters.png>
Overfull \hbox (17.0pt too wide) in paragraph at lines 578--578
[][] 
 []


! LaTeX Error: \caption outside float.

See the LaTeX manual or LaTeX Companion for explanation.
Type  H <return>  for immediate help.
 ...                                              
                                                  
l.578 \image{filters.png}{Filter creation.}
                                           
? 
[39 <./filters.png (PNG copy)>]
<smart_generated_ui.png, id=142, 652.4375pt x 1028.84375pt>
File: smart_generated_ui.png Graphic file (type png)

<use smart_generated_ui.png>
Overfull \hbox (17.0pt too wide) in paragraph at lines 587--587
[][] 
 []

[40]

! LaTeX Error: \caption outside float.

See the LaTeX manual or LaTeX Companion for explanation.
Type  H <return>  for immediate help.
 ...                                              
                                                  
l.587 ...i.png}{UI for an AddIssuerScheme request}
                                                  
? 
[41 <./smart_generated_ui.png>]
Overfull \hbox (43.05746pt too wide) in paragraph at lines 591--591
[][] 
 []


LaTeX Warning: Marginpar on page 42 moved.


Overfull \hbox (43.05746pt too wide) in paragraph at lines 598--598
[][] 
 []


Overfull \hbox (43.05746pt too wide) in paragraph at lines 601--601
[][] 
 []


Overfull \hbox (43.05746pt too wide) in paragraph at lines 605--605
[][] 
 []

[42]
Overfull \hbox (43.05746pt too wide) in paragraph at lines 617--617
[][] 
 []

<ipc_velocity.png, id=155, 542.025pt x 313.17pt>
File: ipc_velocity.png Graphic file (type png)
 <use ipc_velocity.png>
[43]

! LaTeX Error: \caption outside float.

See the LaTeX manual or LaTeX Companion for explanation.
Type  H <return>  for immediate help.
 ...                                              
                                                  
l.618 ...ng}{IPC Velocity control user interface.}
                                                  
? 

Overfull \hbox (43.05746pt too wide) in paragraph at lines 620--620
[][] 
 []

[44 <./ipc_velocity.png (PNG copy)>]
Overfull \hbox (43.05746pt too wide) in paragraph at lines 624--624
[][] 
 []


Overfull \hbox (43.05746pt too wide) in paragraph at lines 630--630
[][] 
 []

<jira.jpg, id=162, 572.89032pt x 580.41844pt>
File: jira.jpg Graphic file (type jpg)
 <use jira.jpg>
Overfull \hbox (17.0pt too wide) in paragraph at lines 632--632
[][] 
 []

[45]

! LaTeX Error: \caption outside float.

See the LaTeX manual or LaTeX Companion for explanation.
Type  H <return>  for immediate help.
 ...                                              
                                                  
l.632 \image{jira.jpg}{A JIRA ticket.}
                                      
? 

Overfull \hbox (43.05746pt too wide) in paragraph at lines 635--635
[][] 
 []

[46 <./jira.jpg>]
Overfull \hbox (43.05746pt too wide) in paragraph at lines 651--651
[][] 
 []


Overfull \hbox (6.65225pt too wide) in paragraph at lines 652--652
[]\OT1/cmr/m/n/10.95 ENVIRONMENTS  
 []


Overfull \hbox (43.05746pt too wide) in paragraph at lines 652--652
[][] 
 []


Overfull \hbox (43.05746pt too wide) in paragraph at lines 652--652
[][] 
 []

[47]
Overfull \hbox (43.05746pt too wide) in paragraph at lines 654--654
[][] 
 []


LaTeX Warning: Marginpar on page 48 moved.


Overfull \hbox (43.05746pt too wide) in paragraph at lines 656--656
[][] 
 []


LaTeX Warning: Marginpar on page 48 moved.

<smart_chart.png, id=172, 652.4375pt x 1028.84375pt>
File: smart_chart.png Graphic file (type png)
 <use smart_chart.png>
Overfull \hbox (17.0pt too wide) in paragraph at lines 658--658
[][] 
 []

[48]

! LaTeX Error: \caption outside float.

See the LaTeX manual or LaTeX Companion for explanation.
Type  H <return>  for immediate help.
 ...                                              
                                                  
l.658 ...ications issued by the InControl system.}
                                                  
? 

LaTeX Warning: Citation `Something about reusability through modularity' on pag
e 49 undefined on input line 660.

[49 <./smart_chart.png (PNG copy)>]
Missing character: There is no â in font cmr10!
Missing character: There is no € in font cmr10!
Missing character: There is no “ in font cmr10!

Overfull \hbox (43.05746pt too wide) in paragraph at lines 665--665
[][] 
 []


Overfull \hbox (43.05746pt too wide) in paragraph at lines 667--667
[][] 
 []


Overfull \hbox (43.05746pt too wide) in paragraph at lines 667--667
[][] 
 []


LaTeX Warning: Marginpar on page 50 moved.


LaTeX Warning: Marginpar on page 50 moved.


Overfull \hbox (43.05746pt too wide) in paragraph at lines 672--672
[][] 
 []


Overfull \hbox (38.82678pt too wide) in paragraph at lines 672--674
\OT1/cmr/m/n/10.95 valid. Stored pro-ce-dures are saved to \OT1/cmr/m/it/10.95 
re-lease\OT1/cmr/m/n/10.95 /database/procedures/src/o[]\OT1/cmr/m/it/10.95 modu
le\OT1/cmr/m/n/10.95 .pls,
 []

[50]
Overfull \hbox (151.63321pt too wide) in paragraph at lines 693--693
[]            \OT1/cmtt/m/n/10.95 SELECT issuer_name, authentication_type, auth
orisation_type, session_timeout,[] 
 []


Overfull \hbox (266.60696pt too wide) in paragraph at lines 693--693
[]            \OT1/cmtt/m/n/10.95 authenticate_pan_password, allow_change_email
_addr, allow_set_user_name, create_date, update_date[] 
 []

[51] [52]
Overfull \hbox (43.05746pt too wide) in paragraph at lines 729--729
[][] 
 []


Overfull \hbox (13.6647pt too wide) in paragraph at lines 748--748
[]                \OT1/cmtt/m/n/10.95 Number AuthenticationType <= authenticati
on_type;[] 
 []


Overfull \hbox (2.16733pt too wide) in paragraph at lines 748--748
[]                \OT1/cmtt/m/n/10.95 String AuthorisationType <= authorisation
_type;[] 
 []


Overfull \hbox (76.90027pt too wide) in paragraph at lines 748--748
[]                \OT1/cmtt/m/n/10.95 String AuthenticatePanPassword <= authent
icate_pan_password;[] 
 []


Overfull \hbox (48.15683pt too wide) in paragraph at lines 748--748
[]                \OT1/cmtt/m/n/10.95 String AllowChangeEmailAddr <= allow_chan
ge_email_addr;[] 
 []


Overfull \hbox (2.16733pt too wide) in paragraph at lines 748--748
[]                \OT1/cmtt/m/n/10.95 String AllowSetUserName <= allow_set_user
_name;[] 
 []

[53]
Overfull \hbox (43.05746pt too wide) in paragraph at lines 754--754
[][] 
 []


Overfull \hbox (43.05746pt too wide) in paragraph at lines 754--754
[][] 
 []


LaTeX Warning: Marginpar on page 54 moved.

[54]
Overfull \hbox (220.61746pt too wide) in paragraph at lines 803--803
[]\OT1/cmtt/m/n/10.95 public void process(MessageContext ctx, GetIssuerListRequ
est request, GetIssuerListResponse response)[] 
 []


Overfull \hbox (128.63846pt too wide) in paragraph at lines 803--803
[]\OT1/cmtt/m/n/10.95 Connection conn = ctx.getIssuerDatabaseConnection(Applica
tionHandler.APPLICATION_DB);[] 
 []

[55] [56]
Overfull \hbox (43.05746pt too wide) in paragraph at lines 828--828
[][] 
 []


Overfull \hbox (43.05746pt too wide) in paragraph at lines 839--839
[][] 
 []

[57] [58] <spring_mvc.png, id=209, 397.485pt x 341.275pt> [59]
File: spring_mvc.png Graphic file (type png)

<use spring_mvc.png>
Overfull \hbox (17.0pt too wide) in paragraph at lines 867--867
[][] 
 []


! LaTeX Error: \caption outside float.

See the LaTeX manual or LaTeX Companion for explanation.
Type  H <return>  for immediate help.
 ...                                              
                                                  
l.867 ...ew of Spring MVC design \cite{SpringMVC}}
                                                  
? 
[60 <./spring_mvc.png (PNG copy)>] [61]
Overfull \hbox (283.85303pt too wide) in paragraph at lines 919--919
[]    \OT1/cmtt/m/n/10.95 private static final IssuerConsoleLogger LOGGER = Iss
uerConsoleLogger.getInstance(BinRangeController.class);[] 
 []

[62]
Overfull \hbox (243.61221pt too wide) in paragraph at lines 919--919
[]    \OT1/cmtt/m/n/10.95 public String processForm(@Valid InitialBinRange binr
ange, BindingResult result, HttpSession session)[] 
 []


Overfull \hbox (7.91602pt too wide) in paragraph at lines 919--919
[]        \OT1/cmtt/m/n/10.95 Issuer issuer = (Issuer) session.getAttribute("is
suer");[] 
 []

! Missing $ inserted.
<inserted text> 
                $
l.927 ...s class is configured to process "issuer_
                                                  details" requests. The req...

? 
! Missing $ inserted.
<inserted text> 
                $
l.928 
      
? 

Overfull \hbox (272.55606pt too wide) in paragraph at lines 927--928
\OT1/cmr/m/n/10.95 meth-ods. This class is con-fig-ured to pro-cess "issuer$[]\
OML/cmm/m/it/10.95 etails\OT1/cmr/m/n/10.95 "\OML/cmm/m/it/10.95 requests:There
questtypeisspecifiedintherequestlineoftheHTTPrequest:$ 
 []

[63] [64]

LaTeX Warning: Reference `aspect' on page 65 undefined on input line 955.

[65] [66]
Overfull \hbox (99.89502pt too wide) in paragraph at lines 989--989
[]            \OT1/cmtt/m/n/10.95 <AddIssuerRequest IssuerId="{IssuerId}" Issue
rName="{IssuerName}" />[] 
 []


Overfull \hbox (30.91077pt too wide) in paragraph at lines 989--989
[]                \OT1/cmtt/m/n/10.95 <Property Name="SecurityManager" Value="{
Cipher}" />[] 
 []


Overfull \hbox (25.16208pt too wide) in paragraph at lines 989--989
[]            \OT1/cmtt/m/n/10.95 <AddPhoenixIssuerGroupRequest GroupTag="{Grou
pName}" />[] 
 []


Overfull \hbox (134.38715pt too wide) in paragraph at lines 989--989
[]            \OT1/cmtt/m/n/10.95 <AddPhoenixIssuerGroupIssuerIdRequest IssuerI
d="{IssuerId}" GroupId="0" />[] 
 []


Overfull \hbox (43.05746pt too wide) in paragraph at lines 993--993
[][] 
 []

[67]
Overfull \hbox (237.86353pt too wide) in paragraph at lines 1000--1000
[]\OT1/cmtt/m/n/10.95 cMetaData.put("IssuerId", tmpMetaData = new MetaData("Iss
uerId", String.class, null, null, null, null));[] 
 []


Overfull \hbox (306.84778pt too wide) in paragraph at lines 1000--1000
[]\OT1/cmtt/m/n/10.95 cMetaData.put("Properties", tmpMetaData = new MetaData("P
roperties", Property.class, List.class, null, null, null));[] 
 []


Overfull \hbox (43.05746pt too wide) in paragraph at lines 1002--1002
[][] 
 []


Overfull \hbox (306.84778pt too wide) in paragraph at lines 1014--1014
[]\OT1/cmtt/m/n/10.95 {_BeanType=SetIssuerPropertyRequest, IssuerId=null, Prope
rty={_BeanType=Property, Name=SecurityManager, Value=null}}[] 
 []


Overfull \hbox (65.4029pt too wide) in paragraph at lines 1014--1014
[]\OT1/cmtt/m/n/10.95 {_BeanType=AddPhoenixIssuerGroupIssuerIdRequest, IssuerId
=null, GroupId=0}[] 
 []

[68]

LaTeX Warning: Citation `http://www.wikijava.org/wiki/10_best_practices_with_Ex
ceptions Is it appropriate to link a wiki?' on page 69 undefined on input line 
1030.

(./Technical_Report.bbl
Underfull \hbox (badness 3000) in paragraph at lines 4--10
|   []   |   []\OT1/cmr/m/n/10.95 .  Pur-chase, NY: Mas-ter-card World-wide, 20
08.
 []


Underfull \hbox (badness 10000) in paragraph at lines 4--10
\OT1/cmtt/m/n/10.95 http : / / www . mastercard . com / us / company / en / doc
s / BENEFITS %
 []

[69]
Underfull \hbox (badness 10000) in paragraph at lines 34--38
[]\OT1/cmr/m/n/10.95 T. Neward, |   []   |   [].
 []


Underfull \hbox (badness 10000) in paragraph at lines 34--38
\OT1/cmtt/m/n/10.95 http : / / www . theserverside . com / news / 1365412 /
 []


Underfull \hbox (badness 10000) in paragraph at lines 58--61
[]|   []   |   []\OT1/cmr/m/n/10.95 , Springer-Verlag, 1997.
 []


Underfull \hbox (badness 10000) in paragraph at lines 58--61
\OT1/cmr/m/n/10.95 https://www.cs.washington.edu/education/courses/503/08wi/aop
-
 []

) [70] (./Technical_Report.aux)

LaTeX Warning: There were undefined references.

 ) 
Here is how much of TeX's memory you used:
 7778 strings out of 495061
 138700 string characters out of 1182621
 192517 words of memory out of 3000000
 10797 multiletter control sequences out of 15000+50000
 9790 words of font info for 35 fonts, out of 3000000 for 9000
 28 hyphenation exceptions out of 8191
 47i,9n,49p,1864b,609s stack positions out of 5000i,500n,10000p,200000b,50000s
</usr/share/texmf-texlive/fonts/type1/public/amsfonts/cm/cmbx10.pfb></usr/sha
re/texmf-texlive/fonts/type1/public/amsfonts/cm/cmbx12.pfb></usr/share/texmf-te
xlive/fonts/type1/public/amsfonts/cm/cmbxti10.pfb></usr/share/texmf-texlive/fon
ts/type1/public/amsfonts/cm/cmmi10.pfb></usr/share/texmf-texlive/fonts/type1/pu
blic/amsfonts/cm/cmmi8.pfb></usr/share/texmf-texlive/fonts/type1/public/amsfont
s/cm/cmr10.pfb></usr/share/texmf-texlive/fonts/type1/public/amsfonts/cm/cmr12.p
fb></usr/share/texmf-texlive/fonts/type1/public/amsfonts/cm/cmr17.pfb></usr/sha
re/texmf-texlive/fonts/type1/public/amsfonts/cm/cmsy10.pfb></usr/share/texmf-te
xlive/fonts/type1/public/amsfonts/cm/cmti10.pfb></usr/share/texmf-texlive/fonts
/type1/public/amsfonts/cm/cmtt10.pfb>
Output written on Technical_Report.pdf (71 pages, 683126 bytes).
PDF statistics:
 287 PDF objects out of 1000 (max. 8388607)
 0 named destinations out of 1000 (max. 500000)
 53 words of extra memory for PDF output out of 10000 (max. 10000000)

